<?xml version="1.0" encoding="UTF-8"?>
<testsuite name="HelloWorldTest" tests="1" skipped="0" failures="0" errors="0" timestamp="2019-09-24T12:54:49" hostname="AC-000566-mbortolini.local" time="0.007">
  <properties/>
  <testcase name="HelloWordIsShowed" classname="HelloWorldTest" time="0.007"/>
  <system-out><![CDATA[]]></system-out>
  <system-err><![CDATA[]]></system-err>
</testsuite>
